\BOOKMARK [1][-]{section.1}{Lineare Least-Squares Regression mit Regularisierung in Python}{}% 1
\BOOKMARK [2][-]{subsection.1.1}{ Betrachtung des Programmger\374st V2A1\137LinearRegression.py }{section.1}% 2
\BOOKMARK [3][-]{subsubsection.1.1.1}{Erkl\344rung der Funktionen: fun\137true\(\), generateDataSet\(\), getDataError\(\), phi\137polynomial\(\)}{subsection.1.1}% 3
\BOOKMARK [3][-]{subsubsection.1.1.2}{Von welcher Funktion sind die Original-Daten \(xn, tn\) gesampelt?}{subsection.1.1}% 4
\BOOKMARK [3][-]{subsubsection.1.1.3}{Wie lauten die Basisfunktionen phi\137j\(x\) f\374r j = 1, ..., deg des linearen Modells?}{subsection.1.1}% 5
\BOOKMARK [3][-]{subsubsection.1.1.4}{Welche Rolle hat die Variable lambda?}{subsection.1.1}% 6
\BOOKMARK [3][-]{subsubsection.1.1.5}{Worin unterscheiden sich die Variablen X,T von X\137test,T\137test?}{subsection.1.1}% 7
\BOOKMARK [3][-]{subsubsection.1.1.6}{Was stellen im Plot die gr\374nen Kreuze/Punkte, gr\374ne Kurve, rote Kurve dar?}{subsection.1.1}% 8
\BOOKMARK [2][-]{subsection.1.2}{Vervollst\344ndigung des Programm}{section.1}% 9
\BOOKMARK [3][-]{subsubsection.1.2.1}{Implementierung der Berechnung der regularisierten Least-Squares-Gewichte W\137LSR als M x 1-Matrix}{subsection.1.2}% 10
\BOOKMARK [3][-]{subsubsection.1.2.2}{Implementierung der Berechnung der Prognosewerte Y als N x 1-Matrix}{subsection.1.2}% 11
\BOOKMARK [2][-]{subsection.1.3}{Programmtest ohne Regularisierung}{section.1}% 12
\BOOKMARK [3][-]{subsubsection.1.3.1}{Ph\344nomene bei niedrigem bzw. hohem Polynomgrad}{subsection.1.3}% 13
\BOOKMARK [3][-]{subsubsection.1.3.2}{Bestimmung des mittleren Gewichts f\374r versch. Polynomgrade}{subsection.1.3}% 14
\BOOKMARK [3][-]{subsubsection.1.3.3}{Lern- bzw. Test-Datenfehler pro Datenpunkt f\374r versch. gro\337e Datensets}{subsection.1.3}% 15
\BOOKMARK [1][-]{section.2}{Python-Modul f\374r Lineare und k-Nearest-Neighbor \(KNN\) Regression}{}% 16
\BOOKMARK [2][-]{subsection.2.1}{ Aufbau des Moduls V2A2\137Regression.py }{section.2}% 17
\BOOKMARK [3][-]{subsubsection.2.1.1}{ Klassen des Moduls V2A2\137Regression.py und deren Zweck}{subsection.2.1}% 18
\BOOKMARK [3][-]{subsubsection.2.1.2}{ Zweck der Methoden fit\(self,X,T\),predict\(self,x\) und crossvalidate\(self,S,X,T\)}{subsection.2.1}% 19
\BOOKMARK [3][-]{subsubsection.2.1.3}{ Unterschied zwischen crossvalidate\(.\) und der entsprechenden Methode f\374r Klassifikation}{subsection.2.1}% 20
\BOOKMARK [2][-]{subsection.2.2}{ Betrachtung der Funktion phi\137polynominal\(x,deg\) }{section.2}% 21
\BOOKMARK [3][-]{subsubsection.2.2.1}{ Berechnung und Ergebnis von phi\137polynominal\(x,deg\) f\374r verschiedene Werte}{subsection.2.2}% 22
\BOOKMARK [3][-]{subsubsection.2.2.2}{ Allgemeine Formel f\374r phi\137polynomial\([x1,x2],2\) }{subsection.2.2}% 23
\BOOKMARK [3][-]{subsubsection.2.2.3}{ Wozu braucht man diese Funktion im Zusammenhang mit Regression? }{subsection.2.2}% 24
\BOOKMARK [3][-]{subsubsection.2.2.4}{ Bis zu welchem Polynomgrad kann die Funktion Basisfunktionen berechnen? }{subsection.2.2}% 25
\BOOKMARK [2][-]{subsection.2.3}{Betrachtung der Klasse LSRRegressifier}{section.2}% 26
\BOOKMARK [3][-]{subsubsection.2.3.1}{ Art des Regressionsmodells: }{subsection.2.3}% 27
\BOOKMARK [3][-]{subsubsection.2.3.2}{ Parameter lmbda,phi,flagSTD und eps }{subsection.2.3}% 28
\BOOKMARK [3][-]{subsubsection.2.3.3}{ Funktion der Klasse DataScaler: }{subsection.2.3}% 29
\BOOKMARK [3][-]{subsubsection.2.3.4}{ Wozu braucht man die Variablen Z und maxZ in der Methode fit\(.\)? }{subsection.2.3}% 30
\BOOKMARK [3][-]{subsubsection.2.3.5}{ Vervollst\344ndigung der Methoden fit\(self,X,T,...\) und predict\(self,x,...\) }{subsection.2.3}% 31
\BOOKMARK [2][-]{subsection.2.4}{ Betrachtung der Klasse KNNRegressifier }{section.2}% 32
\BOOKMARK [3][-]{subsubsection.2.4.1}{ Art des Regressionsmodells: }{subsection.2.4}% 33
\BOOKMARK [3][-]{subsubsection.2.4.2}{ Parameter K und flagKLinReg }{subsection.2.4}% 34
\BOOKMARK [3][-]{subsubsection.2.4.3}{ Berechnung der Pr\344diktion y\(x1\) }{subsection.2.4}% 35
\BOOKMARK [2][-]{subsection.2.5}{Betrachtung des Modultests}{section.2}% 36
\BOOKMARK [3][-]{subsubsection.2.5.1}{Beschreibung des Modultests}{subsection.2.5}% 37
\BOOKMARK [3][-]{subsubsection.2.5.2}{Welche Gewichte W werden gelernt? Wie lautet die gelernte Pr\344diktionsfunktion? Welche Funktion sollte sich idealerweise f\374r \(N \) ergeben?}{subsection.2.5}% 38
\BOOKMARK [3][-]{subsubsection.2.5.3}{ Ergebnisse der Kreuzvalidierung und Bedeutung der Werte }{subsection.2.5}% 39
